<?xml version="1.0" encoding="UTF-8"?>
<!-- Generated by org.testng.reporters.JUnitReportReporter -->
<testsuite skipped="0" hostname="QEdgetechcom-PC" name="Resource.AppTest" tests="3" failures="0" timestamp="11 Jun 2019 04:14:50 GMT" time="0.879" errors="0">
  <testcase name="titletest" time="0.004" classname="Resource.AppTest"/>
  <testcase name="logotest" time="0.320" classname="Resource.AppTest"/>
  <testcase name="login" time="0.555" classname="Resource.AppTest"/>
</testsuite> <!-- Resource.AppTest -->
